Loading intel-20.4/compilers
  Loading requirement: intel-license gcc/10.2.0 intel-20.4/cc intel-20.4/fc
Scale Factor = 8, iterations = 100000
Irrotational flow
Running CFD on 256 x 256 grid using 4 process(es) 
MPT ERROR: Rank 3(g:3) received signal SIGSEGV(11).
	Process ID: 3547205, Host: r1i1n11, Program: /mnt/lustre/e1000/home/tc063/tc063/nkb20/cfd-2024/hpcss24-cfd/C-MPI/cfd
	MPT Version: HPE MPT 2.25  08/14/21 03:17:46-root

MPT: --------stack traceback-------
MPT: Attaching to program: /proc/3547205/exe, process 3547205
MPT: [Thread debugging using libthread_db enabled]
MPT: Using host libthread_db library "/lib64/libthread_db.so.1".
MPT: (no debugging symbols found)...done.
MPT: (no debugging symbols found)...done.
MPT: (no debugging symbols found)...done.
MPT: (no debugging symbols found)...done.
MPT: (no debugging symbols found)...done.
MPT: 0x000014630dc16468 in waitpid () from /lib64/libpthread.so.0
MPT: Missing separate debuginfos, use: yum debuginfo-install glibc-2.28-151.el8.x86_64 libibverbs-41mlnx1-OFED.4.9.3.0.0.49710.x86_64 libmlx5-41mlnx1-OFED.4.9.0.1.2.49710.x86_64 libnl3-3.5.0-1.el8.x86_64 numactl-libs-2.0.12-11.el8.x86_64
MPT: (gdb) #0  0x000014630dc16468 in waitpid () from /lib64/libpthread.so.0
MPT: #1  0x000014630d8ffd96 in MPI_SGI_stacktraceback ()
MPT:    from /opt/hpe/hpc/mpt/mpt-2.25/lib/libmpi.so
MPT: #2  0x000014630d8fff9a in first_arriver_handler ()
MPT:    from /opt/hpe/hpc/mpt/mpt-2.25/lib/libmpi.so
MPT: #3  0x000014630d90025f in slave_sig_handler ()
MPT:    from /opt/hpe/hpc/mpt/mpt-2.25/lib/libmpi.so
MPT: #4  <signal handler called>
MPT: #5  0x000014630d828ea1 in MPI_SGI_request_test ()
MPT:    from /opt/hpe/hpc/mpt/mpt-2.25/lib/libmpi.so
MPT: #6  0x000014630d829b29 in MPI_SGI_request_wait ()
MPT:    from /opt/hpe/hpc/mpt/mpt-2.25/lib/libmpi.so
MPT: #7  0x000014630d91d7b3 in PMPI_Wait ()
MPT:    from /opt/hpe/hpc/mpt/mpt-2.25/lib/libmpi.so
MPT: #8  0x00000000004021b4 in haloswap ()
MPT: #9  0x00000000004028dd in main ()
MPT: (gdb) A debugging session is active.
MPT: 
MPT: 	Inferior 1 [process 3547205] will be detached.
MPT: 
MPT: Quit anyway? (y or n) [answered Y; input not from terminal]
MPT: Detaching from program: /proc/3547205/exe, process 3547205
MPT: [Inferior 1 (process 3547205) detached]

MPT: -----stack traceback ends-----
MPT: On host r1i1n11, Program /mnt/lustre/e1000/home/tc063/tc063/nkb20/cfd-2024/hpcss24-cfd/C-MPI/cfd, Rank 3, Process 3547205: Dumping core on signal SIGSEGV(11) into directory /mnt/lustre/e1000/home/tc063/tc063/nkb20/cfd-2024/hpcss24-cfd/C-MPI
srun: error: r1i1n11: task 3: Segmentation fault (core dumped)
srun: launch/slurm: _step_signal: Terminating StepId=5788619.0
slurmstepd: error: *** STEP 5788619.0 ON r1i1n11 CANCELLED AT 2024-07-05T14:15:26 ***
srun: error: r1i1n11: tasks 0-2: Terminated
srun: Force Terminated StepId=5788619.0
